1639584050085	geckodriver	INFO	Listening on 127.0.0.1:57014
1639584053145	mozrunner::runner	INFO	Running command: "C:\\Program Files\\Mozilla Firefox\\firefox.exe" "--marionette" "--remote-debugging-port" "57015" "-no-remote" "-profile" "C:\\Users\\RICARD~1\\AppData\\Local\\Temp\\rust_mozprofilerpUUwa"
1639584053547	Marionette	INFO	Marionette enabled
console.warn: SearchSettings: "get: No settings file exists, new profile?" (new NotFoundError("Could not open the file at C:\\Users\\RicardoQuintana\\AppData\\Local\\Temp\\rust_mozprofilerpUUwa\\search.json.mozlz4", (void 0)))
DevTools listening on ws://localhost:57015/devtools/browser/ec387a15-6add-46d0-a24f-34e49583ee22
1639584055842	Marionette	INFO	Listening on port 57020
1639584056311	RemoteAgent	WARN	TLS certificate errors will be ignored for this session
1639584060745	Marionette	INFO	Stopped listening on port 57020

###!!! [Parent][RunMessage] Error: Channel closing: too late to send/recv, messages will be lost

1639584081856	geckodriver	INFO	Listening on 127.0.0.1:57077
1639584084925	mozrunner::runner	INFO	Running command: "C:\\Program Files\\Mozilla Firefox\\firefox.exe" "--marionette" "--remote-debugging-port" "57078" "-no-remote" "-profile" "C:\\Users\\RICARD~1\\AppData\\Local\\Temp\\rust_mozprofilegT0TNA"
1639584085194	Marionette	INFO	Marionette enabled
console.warn: SearchSettings: "get: No settings file exists, new profile?" (new NotFoundError("Could not open the file at C:\\Users\\RicardoQuintana\\AppData\\Local\\Temp\\rust_mozprofilegT0TNA\\search.json.mozlz4", (void 0)))
DevTools listening on ws://localhost:57078/devtools/browser/7fb28376-2b59-4288-8d05-834c9a3019ac
1639584087414	Marionette	INFO	Listening on port 57083
1639584087588	RemoteAgent	WARN	TLS certificate errors will be ignored for this session
console.warn: LoginRecipes: "getRecipes: falling back to a synchronous message for:" "https://www.google.com"
console.log: WebExtensions: reset-default-search: starting.
console.log: WebExtensions: reset-default-search: No addons in our list are installed.
1639586490154	Marionette	INFO	Stopped listening on port 57083
console.warn: TopSitesFeed: Failed to fetch data from Contile server: NetworkError when attempting to fetch resource.
FO	Marionette enabled
console.warn: SearchSettings: "get: No settings file exists, new profile?" (new NotFoundError("Could not open the file at C:\\Users\\RicardoQuintana\\AppData\\Local\\Temp\\rust_mozprofilefp9M39\\search.json.mozlz4", (void 0)))
DevTools listening on ws://localhost:57183/devtools/browser/129c0b07-e9a0-4e6d-a27e-c1046c2b703b
1639584506904	Marionette	INFO	Listening on port 57189
1639584507243	RemoteAgent	WARN	TLS certificate errors will be ignored for this session
1639584509194	Marionette	WARN	Ignoring event 'pageshow' because document has an invalid readyState of 'uninitialized'.
1639584518019	Marionette	INFO	Stopped listening on port 57189

###!!! [Parent][RunMessage] Error: Channel closing: too late to send/recv, messages will be lost

1639584535189	geckodriver	INFO	Listening on 127.0.0.1:57260
1639584538238	mozrunner::runner	INFO	Running command: "C:\\Program Files\\Mozilla Firefox\\firefox.exe" "--marionette" "--remote-debugging-port" "57261" "-no-remote" "-profile" "C:\\Users\\RICARD~1\\AppData\\Local\\Temp\\rust_mozprofilerTNei3"
1639584538549	Marionette	INFO	Marionette enabled
console.warn: SearchSettings: "get: No settings file exists, new profile?" (new NotFoundError("Could not open the file at C:\\Users\\RicardoQuintana\\AppData\\Local\\Temp\\rust_mozprofilerTNei3\\search.json.mozlz4", (void 0)))
DevTools listening on ws://localhost:57261/devtools/browser/7ece5b52-fea8-40cb-a3c3-70c1ab5ecb40
1639584540675	Marionette	INFO	Listening on port 57266
1639584540903	RemoteAgent	WARN	TLS certificate errors will be ignored for this session
1639584543164	Marionette	WARN	Ignoring event 'pageshow' because document has an invalid readyState of 'uninitialized'.
console.log: WebExtensions: reset-default-search: starting.
console.log: WebExtensions: reset-default-search: No addons in our list are installed.
1639586493319	Marionette	INFO	Stopped listening on port 57266

###!!! [Child][RunMessage] Error: Channel closing: too late to send/recv, messages will be lost

9198	Marionette	INFO	Marionette enabled
console.warn: SearchSettings: "get: No settings file exists, new profile?" (new NotFoundError("Could not open the file at C:\\Users\\RicardoQuintana\\AppData\\Local\\Temp\\rust_mozprofileUVFVYc\\search.json.mozlz4", (void 0)))
DevTools listening on ws://localhost:57354/devtools/browser/db785fda-13a3-4c62-8709-dbeb6fe25508
1639584641423	Marionette	INFO	Listening on port 57359
1639584641581	RemoteAgent	WARN	TLS certificate errors will be ignored for this session
1639584643700	Marionette	WARN	Ignoring event 'pageshow' because document has an invalid readyState of 'uninitialized'.
console.log: WebExtensions: reset-default-search: starting.
console.log: WebExtensions: reset-default-search: No addons in our list are installed.
1639586497391	Marionette	INFO	Stopped listening on port 57359
console.warn: TopSitesFeed: Failed to fetch data from Contile server: NetworkError when attempting to fetch resource.
1639758451311	geckodriver	INFO	Listening on 127.0.0.1:51192
1639758454383	mozrunner::runner	INFO	Running command: "C:\\Program Files\\Mozilla Firefox\\firefox.exe" "--marionette" "--remote-debugging-port" "51193" "-no-remote" "-profile" "C:\\Users\\RICARD~1\\AppData\\Local\\Temp\\rust_mozprofile8xU4U9"
1639758454679	Marionette	INFO	Marionette enabled
console.warn: SearchSettings: "get: No settings file exists, new profile?" (new NotFoundError("Could not open the file at C:\\Users\\RicardoQuintana\\AppData\\Local\\Temp\\rust_mozprofile8xU4U9\\search.json.mozlz4", (void 0)))
DevTools listening on ws://localhost:51193/devtools/browser/1f77fede-d8a5-4cf4-97ea-5635372e83a3
1639758456694	Marionette	INFO	Listening on port 51202
1639758457079	RemoteAgent	WARN	TLS certificate errors will be ignored for this session
console.log: WebExtensions: reset-default-search: starting.
console.log: WebExtensions: reset-default-search: No addons in our list are installed.
1639759940088	Marionette	INFO	Stopped listening on port 51202
console.warn: TopSitesFeed: Failed to fetch data from Contile server: NetworkError when attempting to fetch resource.

###!!! [Parent][RunMessage] Error: Channel closing: too late to send/recv, messages will be lost

 NotFoundError("Could not open the file at C:\\Users\\RicardoQuintana\\AppData\\Local\\Temp\\rust_mozprofile4Au1zu\\search.json.mozlz4", (void 0)))
DevTools listening on ws://localhost:51854/devtools/browser/5247554f-cb14-48d2-b0b8-5001c22aaabc
1639758779303	Marionette	INFO	Listening on port 51859
1639758779512	RemoteAgent	WARN	TLS certificate errors will be ignored for this session
1639758802284	Marionette	INFO	Stopped listening on port 51859
console.warn: TopSitesFeed: Failed to fetch data from Contile server: NetworkError when attempting to fetch resource.

###!!! [Parent][RunMessage] Error: Channel closing: too late to send/recv, messages will be lost

1639758921387	geckodriver	INFO	Listening on 127.0.0.1:52148
1639758924445	mozrunner::runner	INFO	Running command: "C:\\Program Files\\Mozilla Firefox\\firefox.exe" "--marionette" "--remote-debugging-port" "52149" "-no-remote" "-profile" "C:\\Users\\RICARD~1\\AppData\\Local\\Temp\\rust_mozprofilexi4F2w"
1639758924748	Marionette	INFO	Marionette enabled
console.warn: SearchSettings: "get: No settings file exists, new profile?" (new NotFoundError("Could not open the file at C:\\Users\\RicardoQuintana\\AppData\\Local\\Temp\\rust_mozprofilexi4F2w\\search.json.mozlz4", (void 0)))
DevTools listening on ws://localhost:52149/devtools/browser/6fbd40e1-557e-4c12-8433-53c3aca11ba4
1639758927027	Marionette	INFO	Listening on port 52154
1639758927102	RemoteAgent	WARN	TLS certificate errors will be ignored for this session
1639759342482	Marionette	INFO	Stopped listening on port 52154
console.warn: TopSitesFeed: Failed to fetch data from Contile server: NetworkError when attempting to fetch resource.

###!!! [Parent][RunMessage] Error: Channel closing: too late to send/recv, messages will be lost

t_mozprofilef0vJys"
1639759339668	Marionette	INFO	Marionette enabled
console.warn: SearchSettings: "get: No settings file exists, new profile?" (new NotFoundError("Could not open the file at C:\\Users\\RicardoQuintana\\AppData\\Local\\Temp\\rust_mozprofilef0vJys\\search.json.mozlz4", (void 0)))
DevTools listening on ws://localhost:52585/devtools/browser/df8582cc-a64a-42d8-958a-5d07f226c1e4
1639759342016	Marionette	INFO	Listening on port 52596
1639759342540	RemoteAgent	WARN	TLS certificate errors will be ignored for this session
1639759581024	Marionette	INFO	Stopped listening on port 52596

###!!! [Parent][RunMessage] Error: Channel closing: too late to send/recv, messages will be lost

--marionette" "--remote-debugging-port" "52714" "-no-remote" "-profile" "C:\\Users\\RICARD~1\\AppData\\Local\\Temp\\rust_mozprofileKz9DKO"
1639759419714	Marionette	INFO	Marionette enabled
console.warn: SearchSettings: "get: No settings file exists, new profile?" (new NotFoundError("Could not open the file at C:\\Users\\RicardoQuintana\\AppData\\Local\\Temp\\rust_mozprofileKz9DKO\\search.json.mozlz4", (void 0)))
DevTools listening on ws://localhost:52714/devtools/browser/33893d85-e903-45d4-815c-4a918c3022bc
1639759421973	Marionette	INFO	Listening on port 52719
1639759422073	RemoteAgent	WARN	TLS certificate errors will be ignored for this session
1639759578764	Marionette	INFO	Stopped listening on port 52719
console.warn: TopSitesFeed: Failed to fetch data from Contile server: NetworkError when attempting to fetch resource.

###!!! [Parent][RunMessage] Error: Channel closing: too late to send/recv, messages will be lost

t_mozprofileMaNymf"
1639759492045	Marionette	INFO	Marionette enabled
console.warn: SearchSettings: "get: No settings file exists, new profile?" (new NotFoundError("Could not open the file at C:\\Users\\RicardoQuintana\\AppData\\Local\\Temp\\rust_mozprofileMaNymf\\search.json.mozlz4", (void 0)))
DevTools listening on ws://localhost:52834/devtools/browser/9fd44cda-db79-47c4-815b-1291d457bcce
1639759494004	Marionette	INFO	Listening on port 52843
1639759494411	RemoteAgent	WARN	TLS certificate errors will be ignored for this session
1639759576339	Marionette	INFO	Stopped listening on port 52843
console.warn: TopSitesFeed: Failed to fetch data from Contile server: NetworkError when attempting to fetch resource.

###!!! [Parent][RunMessage] Error: Channel closing: too late to send/recv, messages will be lost

t_mozprofileMzKCT9"
1639759522581	Marionette	INFO	Marionette enabled
console.warn: SearchSettings: "get: No settings file exists, new profile?" (new NotFoundError("Could not open the file at C:\\Users\\RicardoQuintana\\AppData\\Local\\Temp\\rust_mozprofileMzKCT9\\search.json.mozlz4", (void 0)))
DevTools listening on ws://localhost:52930/devtools/browser/1df9caf4-369d-46b3-ad44-eee48c2c04d4
1639759524678	Marionette	INFO	Listening on port 52940
1639759524939	RemoteAgent	WARN	TLS certificate errors will be ignored for this session
1639759525226	Marionette	WARN	Ignoring event 'DOMContentLoaded' because document has an invalid readyState of 'complete'.
JavaScript warning: https://assets.adobedtm.com/0681c221600c/d0943e7fed9e/launch-90f4fb204f3b.min.js, line 7: WEBGL_debug_renderer_info is deprecated in Firefox and will be removed. Please use RENDERER.
1639759528959	Marionette	WARN	Ignoring event 'pageshow' because document has an invalid readyState of 'uninitialized'.
SourceActor threw an exception: [Exception... "Component returned failure code: 0x80470002 (NS_BASE_STREAM_CLOSED) [nsIInputStream.available]"  nsresult: "0x80470002 (NS_BASE_STREAM_CLOSED)"  location: "JS frame :: resource://devtools/shared/DevToolsUtils.js :: onResponse :: line 567"  data: no]
Stack: onResponse@resource://devtools/shared/DevToolsUtils.js:567:34
onStopRequest@resource://gre/modules/NetUtil.jsm:128:18
Line: 567, column: 0
console.error: ({})
JavaScript error: resource://devtools/shared/DevToolsUtils.js, line 567: NS_BASE_STREAM_CLOSED: Component returned failure code: 0x80470002 (NS_BASE_STREAM_CLOSED) [nsIInputStream.available]
1639759939075	Marionette	INFO	Stopped listening on port 52940
console.warn: TopSitesFeed: Failed to fetch data from Contile server: NetworkError when attempting to fetch resource.
remote-debugging-port" "53284" "-no-remote" "-profile" "C:\\Users\\RICARD~1\\AppData\\Local\\Temp\\rust_mozprofileI4RXjE"
1639759839761	Marionette	INFO	Marionette enabled
console.warn: SearchSettings: "get: No settings file exists, new profile?" (new NotFoundError("Could not open the file at C:\\Users\\RicardoQuintana\\AppData\\Local\\Temp\\rust_mozprofileI4RXjE\\search.json.mozlz4", (void 0)))
DevTools listening on ws://localhost:53284/devtools/browser/e0ca1e2c-2b8c-4eb5-ab85-a85819c32000
1639759841574	Marionette	INFO	Listening on port 53293
1639759841656	RemoteAgent	WARN	TLS certificate errors will be ignored for this session
1639759841956	Marionette	WARN	Ignoring event 'DOMContentLoaded' because document has an invalid readyState of 'complete'.
JavaScript warning: https://assets.adobedtm.com/0681c221600c/d0943e7fed9e/launch-90f4fb204f3b.min.js, line 7: WEBGL_debug_renderer_info is deprecated in Firefox and will be removed. Please use RENDERER.
JavaScript warning: https://elpais.com/noticias/petroleo/, line 123: unreachable code after return statement
JavaScript warning: https://elpais.com/noticias/petroleo/ line 5 > injectedScript, line 123: unreachable code after return statement
JavaScript warning: https://cdn.insurads.com/bootstrap/OCVJAG4U.js, line 1: WEBGL_debug_renderer_info is deprecated in Firefox and will be removed. Please use RENDERER.
JavaScript warning: https://pagead2.googlesyndication.com/bg/EnZy1JEvhtfL3qsMHM2VNqoz8zWnsWCdOjk5wdd4Ig4.js line 1 > eval line 5328 > eval line 1 > eval, line 1: WEBGL_debug_renderer_info is deprecated in Firefox and will be removed. Please use RENDERER.
JavaScript error: https://ads.pubmatic.com/AdServer/js/user_sync.html?p=156011&s=165626&predirect=https%3A%2F%2Fs.amazon-adsystem.com%2Fecm3%3Fid%3DPM_UID%26ex%3Dpubmatic.com&userIdMacro=PM_UID&gdpr_consent=CPRX379PRX379AHABBENB5CsAP_AAAAAAAAAIbtf_X__b3_j-_5___t0eY1f9_7_v-0zjhfdt-8N2f_X_L8X_2M7vF36pq4KuR4Eu3LBIQVlHOHcTUmw6okVrzPsbk2cr7NKJ7PEmnMbe2dYGH9_n93T-ZKY7______7__-_______f__-_____5_X-_-_f_V_997Lv9_____9_P___9v__9_3gAAAJJQAYAAghuGgAwABBDcVABgACCG5SADAAEENx0AGAAIIbkIAMAAQQ3CQAYAAghuIgAwABBDcZABgACCG4A.f_gAAAAAAAAA&gdpr=1, line 1: ReferenceError: CommonMeta is not defined
JavaScript warning: https://pagead2.googlesyndication.com/bg/EnZy1JEvhtfL3qsMHM2VNqoz8zWnsWCdOjk5wdd4Ig4.js line 1 > eval line 1514 > eval line 1 > eval, line 1: WEBGL_debug_renderer_info is deprecated in Firefox and will be removed. Please use RENDERER.
JavaScript warning: https://pagead2.googlesyndication.com/bg/EnZy1JEvhtfL3qsMHM2VNqoz8zWnsWCdOjk5wdd4Ig4.js line 1 > eval line 7728 > eval, line 1: WEBGL_debug_renderer_info is deprecated in Firefox and will be removed. Please use RENDERER.
JavaScript warning: https://pagead2.googlesyndication.com/bg/EnZy1JEvhtfL3qsMHM2VNqoz8zWnsWCdOjk5wdd4Ig4.js line 1 > eval line 4964 > eval, line 1: WEBGL_debug_renderer_info is deprecated in Firefox and will be removed. Please use RENDERER.
JavaScript warning: https://pagead2.googlesyndication.com/bg/EnZy1JEvhtfL3qsMHM2VNqoz8zWnsWCdOjk5wdd4Ig4.js line 1 > eval line 7537 > eval, line 1: WEBGL_debug_renderer_info is deprecated in Firefox and will be removed. Please use RENDERER.
JavaScript error: , line 0: TypeError: NetworkError when attempting to fetch resource.
JavaScript warning: https://pagead2.googlesyndication.com/bg/EnZy1JEvhtfL3qsMHM2VNqoz8zWnsWCdOjk5wdd4Ig4.js line 1 > eval line 6322 > eval, line 1: WEBGL_debug_renderer_info is deprecated in Firefox and will be removed. Please use RENDERER.
JavaScript warning: https://pagead2.googlesyndication.com/bg/EnZy1JEvhtfL3qsMHM2VNqoz8zWnsWCdOjk5wdd4Ig4.js line 1 > eval line 6727 > eval line 1 > eval, line 1: WEBGL_debug_renderer_info is deprecated in Firefox and will be removed. Please use RENDERER.
SourceActor threw an exception: [Exception... "Component returned failure code: 0x80470002 (NS_BASE_STREAM_CLOSED) [nsIInputStream.available]"  nsresult: "0x80470002 (NS_BASE_STREAM_CLOSED)"  location: "JS frame :: resource://devtools/shared/DevToolsUtils.js :: onResponse :: line 567"  data: no]
Stack: onResponse@resource://devtools/shared/DevToolsUtils.js:567:34
onStopRequest@resource://gre/modules/NetUtil.jsm:128:18
Line: 567, column: 0
console.error: ({})
JavaScript error: resource://devtools/shared/DevToolsUtils.js, line 567: NS_BASE_STREAM_CLOSED: Component returned failure code: 0x80470002 (NS_BASE_STREAM_CLOSED) [nsIInputStream.available]
SourceActor threw an exception: [Exception... "Component returned failure code: 0x80470002 (NS_BASE_STREAM_CLOSED) [nsIInputStream.available]"  nsresult: "0x80470002 (NS_BASE_STREAM_CLOSED)"  location: "JS frame :: resource://devtools/shared/DevToolsUtils.js :: onResponse :: line 567"  data: no]
Stack: onResponse@resource://devtools/shared/DevToolsUtils.js:567:34
onStopRequest@resource://gre/modules/NetUtil.jsm:128:18
Line: 567, column: 0
console.error: ({})
JavaScript error: resource://devtools/shared/DevToolsUtils.js, line 567: NS_BASE_STREAM_CLOSED: Component returned failure code: 0x80470002 (NS_BASE_STREAM_CLOSED) [nsIInputStream.available]
SourceActor threw an exception: [Exception... "Component returned failure code: 0x80470002 (NS_BASE_STREAM_CLOSED) [nsIInputStream.available]"  nsresult: "0x80470002 (NS_BASE_STREAM_CLOSED)"  location: "JS frame :: resource://devtools/shared/DevToolsUtils.js :: onResponse :: line 567"  data: no]
Stack: onResponse@resource://devtools/shared/DevToolsUtils.js:567:34
onStopRequest@resource://gre/modules/NetUtil.jsm:128:18
Line: 567, column: 0
console.error: ({})
JavaScript error: resource://devtools/shared/DevToolsUtils.js, line 567: NS_BASE_STREAM_CLOSED: Component returned failure code: 0x80470002 (NS_BASE_STREAM_CLOSED) [nsIInputStream.available]
JavaScript error: , line 0: TypeError: NetworkError when attempting to fetch resource.
JavaScript warning: https://pagead2.googlesyndication.com/bg/EnZy1JEvhtfL3qsMHM2VNqoz8zWnsWCdOjk5wdd4Ig4.js line 1 > eval line 5767 > eval line 1 > eval, line 1: WEBGL_debug_renderer_info is deprecated in Firefox and will be removed. Please use RENDERER.
JavaScript warning: https://pagead2.googlesyndication.com/bg/EnZy1JEvhtfL3qsMHM2VNqoz8zWnsWCdOjk5wdd4Ig4.js line 1 > eval line 4585 > eval, line 1: WEBGL_debug_renderer_info is deprecated in Firefox and will be removed. Please use RENDERER.
JavaScript error: , line 0: TypeError: NetworkError when attempting to fetch resource.
JavaScript error: , line 0: TypeError: NetworkError when attempting to fetch resource.
JavaScript warning: https://pagead2.googlesyndication.com/bg/EnZy1JEvhtfL3qsMHM2VNqoz8zWnsWCdOjk5wdd4Ig4.js line 1 > eval line 5652 > eval, line 1: WEBGL_debug_renderer_info is deprecated in Firefox and will be removed. Please use RENDERER.
console.log: WebExtensions: reset-default-search: starting.
console.log: WebExtensions: reset-default-search: No addons in our list are installed.
1639760511312	Marionette	INFO	Stopped listening on port 53293
JavaScript error: , line 0: TypeError: NetworkError when attempting to fetch resource.

###!!! [Parent][RunMessage] Error: Channel closing: too late to send/recv, messages will be lost

file exists, new profile?" (new NotFoundError("Could not open the file at C:\\Users\\RicardoQuintana\\AppData\\Local\\Temp\\rust_mozprofile5kwJuG\\search.json.mozlz4", (void 0)))
DevTools listening on ws://localhost:53862/devtools/browser/be52922e-52eb-40d0-a3a4-5247f9cba233
1639760160943	Marionette	INFO	Listening on port 53871
1639760161383	RemoteAgent	WARN	TLS certificate errors will be ignored for this session
1639760161638	Marionette	WARN	Ignoring event 'DOMContentLoaded' because document has an invalid readyState of 'complete'.
JavaScript warning: https://assets.adobedtm.com/0681c221600c/d0943e7fed9e/launch-90f4fb204f3b.min.js, line 7: WEBGL_debug_renderer_info is deprecated in Firefox and will be removed. Please use RENDERER.
JavaScript warning: https://elpais.com/noticias/petroleo/, line 123: unreachable code after return statement
JavaScript warning: https://elpais.com/noticias/petroleo/ line 5 > injectedScript, line 123: unreachable code after return statement
JavaScript warning: https://cdn.insurads.com/bootstrap/OCVJAG4U.js, line 1: WEBGL_debug_renderer_info is deprecated in Firefox and will be removed. Please use RENDERER.
JavaScript warning: https://pagead2.googlesyndication.com/bg/EnZy1JEvhtfL3qsMHM2VNqoz8zWnsWCdOjk5wdd4Ig4.js line 1 > eval line 1726 > eval line 1 > eval, line 1: WEBGL_debug_renderer_info is deprecated in Firefox and will be removed. Please use RENDERER.
JavaScript warning: https://pagead2.googlesyndication.com/bg/EnZy1JEvhtfL3qsMHM2VNqoz8zWnsWCdOjk5wdd4Ig4.js line 1 > eval line 1708 > eval line 1 > eval, line 1: WEBGL_debug_renderer_info is deprecated in Firefox and will be removed. Please use RENDERER.
JavaScript error: https://ads.pubmatic.com/AdServer/js/user_1639760201483	mozrunner::runner	INFO	Running command: "C:\\Program Files\\Mozilla Firefox\\firefox.exe" "--marionette" "--remote-debugging-port" "54131" "-no-remote" "-profile" "C:\\Users\\RICARD~1\\AppData\\Local\\Temp\\rust_mozprofilevZzdJy"
1639760201756	Marionette	INFO	Marionette enabled
console.warn: SearchSettings: "get: No settings file exists, new profile?" (new NotFoundError("Could not open the file at C:\\Users\\RicardoQuintana\\AppData\\Local\\Temp\\rust_mozprofilevZzdJy\\search.json.mozlz4", (void 0)))
De1639760510408	Marionette	INFO	Stopped listening on port 53871
JavaScript error: , line 0: TypeError: NetworkError when attempting to fetch resource.
console.warn: TopSitesFeed: Failed to fetch data from Contile server: NetworkError when attempting to fetch resource.

###!!! [Parent][RunMessage] Error: Channel closing: too late to send/recv, messages will be lost

 warning: https://assets.adobedtm.com/0681c221600c/d0943e7fed9e/launch-90f4fb204f3b.min.js, line 7: WEBGL_debug_renderer_info is deprecated in Firefox and will be removed. Please use RENDERER.
JavaScript warning: https://elpais.com/noticias/petroleo/, line 123: unreachable code after return statement
JavaScript warning: https://elpais.com/noticias/petroleo/ line 5 > injectedScript, line 123: unreachable code after return statement
JavaScript warning: https://cdn.insurads.com/bootstrap/OCVJAG4U.js, line 1: WEBGL_debug_renderer_info is deprecated in Firefox and will be removed. Please use RENDERER.
JavaScript warning: https://pagead2.googlesyndication.com/bg/EnZy1JEvhtfL3qsMHM2VNqoz8zWnsWCdOjk5wdd4Ig4.js line 1 > eval line 5817 > eval line 1 > eval, line 1: WEBGL_debug_renderer_info is deprecated in Firefox and will be removed. Please use RENDERER.
JavaScript warning: https://pagead2.googlesyndication.com/bg/EnZy1JEvhtfL3qsMHM2VNqoz8zWnsWCdOjk5wdd4Ig4.js line 1 > eval line 871 > eval line 1 > eval, line 1: WEBGL_debug_renderer_info is deprecated in Firefox and will be removed. Please use RENDERER.
SourceActor threw an exception: [Exception... "Component returned failure code: 0x80470002 (NS_BASE_STREAM_CLOSED) [nsIInputStream.available]"  nsresult: "0x80470002 (NS_BASE_STREAM_CLOSED)"  location: "JS frame :: resource://devtools/shared/DevToolsUtils.js :: onResponse :: line 567"  data: no]
Stack: onResponse@resource://devtools/shared/DevToolsUtils.js:567:34
onStopRequest@resource://gre/modules/NetUtil.jsm:128:18
Line: 567, column: 0
console.error: ({})
JavaScript error: resource://devtools/shared/DevToolsUtils.js, line 567: NS_BASE_STREAM_CLOSED: Component returned failure code: 0x80470002 (NS_BASE_STREAM_CLOSED) [nsIInputStream.available]
SourceActor threw an exception: [Exception... "Component returned failure code: 0x80470002 (NS_BASE_STREAM_CLOSED) [nsIInputStream.available]"  nsresult: "0x80470002 (NS_BASE_STREAM_CLOSED)"  location: "JS frame :: resource://devtools/shared/DevToolsUtils.js :: onResponse :: line 567"  data: no]
Stack: onResponse@resource://devtools/shared/DevToolsUtils.js:567:34
onStopRequest@resource://gre/modules/NetUtil.jsm:128:18
Line: 567, column: 0
console.error: ({})
JavaScript error: resource://devtools/shared/DevToolsUtils.js, line 567: NS_BASE_STREAM_CLOSED: Component returned failure code: 0x80470002 (NS_BASE_STREAM_CLOSED) [nsIInputStream.available]
SourceActor threw an exception: [Exception... "Component returned failure code: 0x80470002 (NS_BASE_STREAM_CLOSED) [nsIInputStream.available]"  nsresult: "0x80470002 (NS_BASE_STREAM_CLOSED)"  location: "JS frame :: resource://devtools/shared/DevToolsUtils.js :: onResponse :: line 567"  data: no]
Stack: onResponse@resource://devtools/shared/DevToolsUtils.js:567:34
onStopRequest@resource://gre/modules/NetUtil.jsm:128:18
Line: 567, column: 0
console.error: ({})
JavaScript error: resource://devtools/shared/DevToolsUtils.js, line 567: NS_BASE_STREAM_CLOSED: Component returned failure code: 0x80470002 (NS_BASE_STREAM_CLOSED) [nsIInputStream.available]
JavaScript warning: https://pagead2.googlesyndication.com/bg/EnZy1JEvhtfL3qsMHM2VNqoz8zWnsWCdOjk5wdd4Ig4.js line 1 > eval line 4170 > eval, line 1: WEBGL_debug_renderer_info is deprecated in Firefox and will be removed. Please use RENDERER.
JavaScript warning: https://pagead2.googlesyndication.com/bg/EnZy1JEvhtfL3qsMHM2VNqoz8zWnsWCdOjk5wdd4Ig4.js line 1 > eval line 1713 > eval line 1 > eval, line 1: WEBGL_debug_renderer_info is deprecated in Firefox and will be removed. Please use RENDERER.
JavaScript error: https://ads.pubmatic.com/AdServer/js/user_sync.html?p=156011&s=165626&predirect=https%3A%2F%2Fs.amazon-adsystem.com%2Fecm3%3Fid%3DPM_UID%26ex%3Dpubmatic.com&userIdMacro=PM_UID&gdpr_consent=CPRX40jPRX40jAHABBENB5CsAP_AAAAAAAAAIbtf_X__b3_j-_5___t0eY1f9_7_v-0zjhfdt-8N2f_X_L8X_2M7vF36pq4KuR4Eu3LBIQVlHOHcTUmw6okVrzPsbk2cr7NKJ7PEmnMbe2dYGH9_n93T-ZKY7______7__-_______f__-_____5_X-_-_f_V_997Lv9_____9_P___9v__9_3gAAAJJQAYAAghuGgAwABBDcVABgACCG5SADAAEENx0AGAAIIbkIAMAAQQ3CQAYAAghuIgAwABBDcZABgACCG4A.f_gAAAAAAAAA&gdpr=1, line 1: ReferenceError: CommonMeta is not defined
1639760509416	Marionette	INFO	Stopped listening on port 54140
JavaScript error: , line 0: TypeError: NetworkError when attempting to fetch resource.
JavaScript error: , line 0: TypeError: NetworkError when attempting to fetch resource.
console.warn: TopSitesFeed: Failed to fetch data from Contile server: NetworkError when attempting to fetch resource.

###!!! [Parent][RunMessage] Error: Channel closing: too late to send/recv, messages will be lost

pen the file at C:\\Users\\RicardoQuintana\\AppData\\Local\\Temp\\rust_mozprofilejH45c3\\search.json.mozlz4", (void 0)))
DevTools listening on ws://localhost:54625/devtools/browser/6a621465-eaf1-4d17-87ce-6d15570c9be8
1639760461683	Marionette	INFO	Listening on port 54636
1639760461830	RemoteAgent	WARN	TLS certificate errors will be ignored for this session
1639760462127	Marionette	WARN	Ignoring event 'DOMContentLoaded' because document has an invalid readyState of 'complete'.
JavaScript warning: https://assets.adobedtm.com/0681c221600c/d0943e7fed9e/launch-90f4fb204f3b.min.js, line 7: WEBGL_debug_renderer_info is deprecated in Firefox and will be removed. Please use RENDERER.
JavaScript warning: https://elpais.com/noticias/petroleo/, line 123: unreachable code after return statement
JavaScript warning: https://elpais.com/noticias/petroleo/ line 5 > injectedScript, line 123: unreachable code after return statement
JavaScript warning: https://cdn.insurads.com/bootstrap/OCVJAG4U.js, line 1: WEBGL_debug_renderer_info is deprecated in Firefox and will be removed. Please use RENDERER.
JavaScript warning: https://pagead2.googlesyndication.com/bg/EnZy1JEvhtfL3qsMHM2VNqoz8zWnsWCdOjk5wdd4Ig4.js line 1 > eval line 5158 > eval line 1 > eval, line 1: WEBGL_debug_renderer_info is deprecated in Firefox and will be removed. Please use RENDERER.
JavaScript warning: https://pagead2.googlesyndication.com/bg/EnZy1JEvhtfL3qsMHM2VNqoz8zWnsWCdOjk5wdd4Ig4.js line 1 > eval line 52 > eval line 1 > eval, line 1: WEBGL_debug_renderer_info is deprecated in Firefox and will be removed. Please use RENDERER.
JavaScript error: https://ads.pubmatic.com/AdServer/js/user_sync.html?p=156011&s=165626&predirect=https%3A%2F%2Fs.amazon-adsystem.com%2Fecm3%3Fid%3DPM_UID%26ex%3Dpubmatic.com&userIdMacro=PM_UID&gdpr_consent=CPRX5c6PRX5c6AHABBENB5CsAP_AAAAAAAAAIbtf_X__b3_j-_5___t0eY1f9_7_v-0zjhfdt-8N2f_X_L8X_2M7vF36pq4KuR4Eu3LBIQVlHOHcTUmw6okVrzPsbk2cr7NKJ7PEmnMbe2dYGH9_n93T-ZKY7______7__-_______f__-_____5_X-_-_f_V_997Lv9_____9_P___9v__9_3gAAAJJQAYAAghuGgAwABBDcVABgACCG5SADAAEENx0AGAAIIbkIAMAAQQ3CQAYAAghuIgAwABBDcZABgACCG4A.f_gAAAAAAAAA&gdpr=1, line 1: ReferenceError: CommonMeta is not defined
JavaScript warning: https://pagead2.googlesyndication.com/bg/EnZy1JEvhtfL3qsMHM2VNqoz8zWnsWCdOjk5wdd4Ig4.js line 1 > eval line 4275 > eval line 1 > eval, line 1: WEBGL_debug_renderer_info is deprecated in Firefox and will be removed. Please use RENDERER.
JavaScript warning: https://pagead2.googlesyndication.com/bg/EnZy1JEvhtfL3qsMHM2VNqoz8zWnsWCdOjk5wdd4Ig4.js line 1 > eval line 422 > eval, line 1: WEBGL_debug_renderer_info is deprecated in Firefox and will be removed. Please use RENDERER.
JavaScript warning: https://pagead2.googlesyndication.com/bg/EnZy1JEvhtfL3qsMHM2VNqoz8zWnsWCdOjk5wdd4Ig4.js line 1 > eval line 6426 > eval line 1 > eval, line 1: WEBGL_debug_renderer_info is deprecated in Firefox and will be removed. Please use RENDERER.
SourceActor threw an exception: [Exception... "Component returned failure code: 0x80470002 (NS_BASE_STREAM_CLOSED) [nsIInputStream.available]"  nsresult: "0x80470002 (NS_BASE_STREAM_CLOSED)"  location: "JS frame :: resource://devtools/shared/DevToolsUtils.js :: onResponse :: line 567"  data: no]
Stack: onResponse@resource://devtools/shared/DevToolsUtils.js:567:34
onStopRequest@resource://gre/modules/NetUtil.jsm:128:18
Line: 567, column: 0
console.error: ({})
JavaScript error: resource://devtools/shared/DevToolsUtils.js, line 567: NS_BASE_STREAM_CLOSED: Component returned failure code: 0x80470002 (NS_BASE_STREAM_CLOSED) [nsIInputStream.available]
SourceActor threw an exception: [Exception... "Component returned failure code: 0x80470002 (NS_BASE_STREAM_CLOSED) [nsIInputStream.available]"  nsresult: "0x80470002 (NS_BASE_STREAM_CLOSED)"  location: "JS frame :: resource://devtools/shared/DevToolsUtils.js :: onResponse :: line 567"  data: no]
Stack: onResponse@resource://devtools/shared/DevToolsUtils.js:567:34
onStopRequest@resource://gre/modules/NetUtil.jsm:128:18
Line: 567, column: 0
console.error: ({})
JavaScript error: resource://devtools/shared/DevToolsUtils.js, line 567: NS_BASE_STREAM_CLOSED: Component returned failure code: 0x80470002 (NS_BASE_STREAM_CLOSED) [nsIInputStream.available]
SourceActor threw an exception: [Exception... "Component returned failure code: 0x80470002 (NS_BASE_STREAM_CLOSED) [nsIInputStream.available]"  nsresult: "0x80470002 (NS_BASE_STREAM_CLOSED)"  location: "JS frame :: resource://devtools/shared/DevToolsUtils.js :: onResponse :: line 567"  data: no]
Stack: onResponse@resource://devtools/shared/DevToolsUtils.js:567:34
onStopRequest@resource://gre/modules/NetUtil.jsm:128:18
Line: 567, column: 0
console.error: ({})
JavaScript error: resource://devtools/shared/DevToolsUtils.js, line 567: NS_BASE_STREAM_CLOSED: Component returned failure code: 0x80470002 (NS_BASE_STREAM_CLOSED) [nsIInputStream.available]
JavaScript warning: https://pagead2.googlesyndication.com/bg/EnZy1JEvhtfL3qsMHM2VNqoz8zWnsWCdOjk5wdd4Ig4.js line 1 > eval line 7707 > eval line 1 > eval, line 1: WEBGL_debug_renderer_info is deprecated in Firefox and will be removed. Please use RENDERER.
JavaScript warning: https://pagead2.googlesyndication.com/bg/EnZy1JEvhtfL3qsMHM2VNqoz8zWnsWCdOjk5wdd4Ig4.js line 1 > eval line 3758 > eval, line 1: WEBGL_debug_renderer_info is deprecated in Firefox and will be removed. Please use RENDERER.
console.log: WebExtensions: reset-default-search: starting.
console.log: WebExtensions: reset-default-search: No addons in our list are installed.
1639762250515	Marionette	INFO	Stopped listening on port 54636
JavaScript error: , line 0: TypeError: NetworkError when attempting to fetch resource.
JavaScript error: , line 0: TypeError: NetworkError when attempting to fetch resource.
JavaScript error: , line 0: TypeError: NetworkError when attempting to fetch resource.
JavaScript error: , line 0: TypeError: NetworkError when attempting to fetch resource.

###!!! [Parent][RunMessage] Error: Channel closing: too late to send/recv, messages will be lost

c9a1fbe6f789
1639760679538	Marionette	INFO	Listening on port 55111
1639760680068	RemoteAgent	WARN	TLS certificate errors will be ignored for this session
1639760680342	Marionette	WARN	Ignoring event 'DOMContentLoaded' because document has an invalid readyState of 'complete'.
JavaScript warning: https://assets.adobedtm.com/0681c221600c/d0943e7fed9e/launch-90f4fb204f3b.min.js, line 7: WEBGL_debug_renderer_info is deprecated in Firefox and will be removed. Please use RENDERER.
JavaScript warning: https://elpais.com/noticias/petroleo/, line 123: unreachable code after return statement
JavaScript warning: https://elpais.com/noticias/petroleo/ line 5 > injectedScript, line 123: unreachable code after return statement
JavaScript warning: https://cdn.insurads.com/bootstrap/OCVJAG4U.js, line 1: WEBGL_debug_renderer_info is deprecated in Firefox and will be removed. Please use RENDERER.
JavaScript warning: https://pagead2.googlesyndication.com/bg/EnZy1JEvhtfL3qsMHM2VNqoz8zWnsWCdOjk5wdd4Ig4.js line 1 > eval line 7821 > eval, line 1: WEBGL_debug_renderer_info is deprecated in Firefox and will be removed. Please use RENDERER.
JavaScript warning: https://pagead2.googlesyndication.com/bg/EnZy1JEvhtfL3qsMHM2VNqoz8zWnsWCdOjk5wdd4Ig4.js line 1 > eval line 197 > eval, line 1: WEBGL_debug_renderer_info is deprecated in Firefox and will be removed. Please use RENDERER.
1639760710757	Marionette	INFO	Stopped listening on port 5511163console.warn: TopSitesFeed: Failed to fetch data from Contile server: NetworkError when attempting to fetch resource.
JavaScript error: , line 0: TypeError: NetworkError when attempting to fetch resource.

###!!! [Parent][RunMessage] Error: Channel closing: too late to send/recv, messageconsole.warn: SearchSettings: "get: No settings file exists, new profile?" (new NotFoundError("Could not open the file at C:\\Users\\RicardoQuintana\\AppData\\Local\\Temp\\rust_mozprofilezP4ECa\\search.json.mozlz4", (void 0)))
DevTools listening on ws://localhost:55375/devtools/browser/3b83b0e5-51a5-4366-b2b8-ecbe0af1d280
1639760713459	Marionette	INFO	Listening on port 55381
1639760713944	RemoteAgent	WARN	TLS certificate errors will be ignored for this session
1639760714221	Marionette	WARN	Ignoring event 'DOMContentLoaded' because document has an invalid readyState of 'complete'.
JavaScript warning: https://assets.adobedtm.com/0681c221600c/d0943e7fed9e/launch-90f4fb204f3b.min.js, line 7: WEBGL_debug_renderer_info is deprecated in Firefox and will be removed. Please use RENDERER.
JavaScript warning: https://elpais.com/noticias/petroleo/, line 123: unreachable code after return statement
JavaScript warning: https://elpais.com/noticias/petroleo/ line 5 > injectedScript, line 123: unreachable code after return statement
JavaScript warning: https://cdn.insurads.com/bootstrap/OCVJAG4U.js, line 1: WEBGL_debug_renderer_info is deprecated in Firefox and will be removed. Please use RENDERER.
JavaScript warning: https://pagead2.googlesyndication.com/bg/EnZy1JEvhtfL3qsMHM2VNqoz8zWnsWCdOjk5wdd4Ig4.js line 1 > eval line 6354 > eval, line 1: WEBGL_debug_renderer_info is deprecated in Firefox and will be removed. Please use RENDERER.
JavaScript warning: https://pagead2.googlesyndication.com/bg/EnZy1JEvhtfL3qsMHM2VNqoz8zWnsWCdOjk5wdd4Ig4.js line 1 > eval line 1658 > eval line 1 > eval, line 1: WEBGL_debug_renderer_info is deprecated in Firefox and will be removed. Please use RENDERER.
JavaScript error: , line 0: TypeError: NetworkError when att1639760740378	mozrunner::runconsole.log: WebExtensions: reset-default-search: starting.
console.log: WebExtensions: reset-default-search: No addons in our list are installed.
1639762249626	Marionette	INFO	Stopped listening on port 55381
console.warn: TopSitesFeed: Failed to fetch data from Contile server: NetworkError when attempting to fetch resource.

###!!! [Parent][RunMessage] Error: Channel closing: too late to send/recv, messages will be lost

emp\\rust_mozprofilefpdWRL\\search.json.mozlz4", (void 0)))
DevTools listening on ws://localhost:55635/devtools/browser/3ea1c258-1051-42ac-af0e-6f947c238147
1639760742592	Marionette	INFO	Listening on port 55645
1639760743056	RemoteAgent	WARN	TLS certificate errors will be ignored for this session
1639760743324	Marionette	WARN	Ignoring event 'DOMContentLoaded' because document has an invalid readyState of 'complete'.
JavaScript warning: https://assets.adobedtm.com/0681c221600c/d0943e7fed9e/launch-90f4fb204f3b.min.js, line 7: WEBGL_debug_renderer_info is deprecated in Firefox and will be removed. Please use RENDERER.
JavaScript warning: https://elpais.com/noticias/petroleo/, line 123: unreachable code after return statement
JavaScript warning: https://elpais.com/noticias/petroleo/ line 5 > injectedScript, line 123: unreachable code after return statement
JavaScript warning: https://cdn.insurads.com/bootstrap/OCVJAG4U.js, line 1: WEBGL_debug_renderer_info is deprecated in Firefox and will be removed. Please use RENDERER.
JavaScript warning: https://pagead2.googlesyndication.com/bg/EnZy1JEvhtfL3qsMHM2VNqoz8zWnsWCdOjk5wdd4Ig4.js line 1 > eval line 5247 > eval, line 1: WEBGL_debug_renderer_info is deprecated in Firefox and will be removed. Please use RENDERER.
JavaScript warning: https://pagead2.googlesyndication.com/bg/EnZy1JEvhtfL3qsMHM2VNqoz8zWnsWCdOjk5wdd4Ig4.js line 1 > eval line 2436 > eval line 1 > eval, line 1: WEBGL_debug_renderer_info is deprecated in Firefox and will be removed. Please use RENDERER.
JavaScript error: https://ads.pubmatic.com/AdServer/js/user_sync.html?p=156011&s=165626&predirect=https%3A%2F%2Fs.amazon-adsystem.com%2Fecm3%3Fid%3DPM_UID%26ex%3Dpubmatic.com&userIdMacro=PM_UID&gdpr_consent=CPRX6IuPRX6IuAHABBENB5CsAP_AAAAAAAAAIbtf_X__b3_j-_5___t0eY1f9_7_v-0zjhfdt-8N2f_X_L8X_2M7vF36pq4KuR4Eu3LBIQVlHOHcTUmw6okVrzPsbk2cr7NKJ7PEmnMbe2dYGH9_n93T-ZKY7______7__-_______f__-_____5_X-_-_f_V_997Lv9_____9_P___9v__9_3gAAAJJQAYAAghuGgAwABBDcVABgACCG5SADAAEENx0AGAAIIbkIAMAAQQ3CQAYAAghuIgAwABBDcZABgACCG4A.f_gAAAAAAAAA&gdpr=1, line 1: ReferenceError: CommonMeta is not defined
JavaScript warning: https://pagead2.googlesyndication.com/bg/EnZy1JEvhtfL3qsMHM2VNqoz8zWnsWCdOjk5wdd4Ig4.js line 1 > eval line 6000 > eval line 1 > eval, line 1: WEBGL_debug_renderer_info is deprecated in Firefox and will be removed. Please use RENDERER.
JavaScript warning: https://pagead2.googlesyndication.com/bg/EnZy1JEvhtfL3qsMHM2VNqoz8zWnsWCdOjk5wdd4Ig4.js line 1 > eval line 6563 > eval, line 1: WEBGL_debug_renderer_info is deprecated in Firefox and will be removed. Please use RENDERER.
JavaScript warning: https://pagead2.googlesyndication.com/bg/EnZy1JEvhtfL3qsMHM2VNqoz8zWnsWCdOjk5wdd4Ig4.js line 1 > eval line 6942 > eval, line 1: WEBGL_debug_renderer_info is deprecated in Firefox and will be removed. Please use RENDERER.
JavaScript warning: https://pagead2.googlesyndication.com/bg/EnZy1JEvhtfL3qsMHM2VNqoz8zWnsWCdOjk5wdd4Ig4.js line 1 > eval line 5591 > eval, line 1: WEBGL_debug_renderer_info is deprecated in Firefox and will be removed. Please use RENDERER.
SourceActor threw an exception: [Exception... "Component returned failure code: 0x80470002 (NS_BASE_STREAM_CLOSED) [nsIInputStream.available]"  nsresult: "0x80470002 (NS_BASE_STREAM_CLOSED)"  location: "JS frame :: resource://devtools/shared/DevToolsUtils.js :: onResponse :: line 567"  data: no]
Stack: onResponse@resource://devtools/shared/DevToolsUtils.js:567:34
onStopRequest@resource://gre/modules/NetUtil.jsm:128:18
Line: 567, column: 0
console.error: ({})
JavaScript error: resource://devtools/shared/DevToolsUtils.js, line 567: NS_BASE_STREAM_CLOSED: Component returned failure code: 0x80470002 (NS_BASE_STREAM_CLOSED) [nsIInputStream.available]
SourceActor threw an exception: [Exception... "Component returned failure code: 0x80470002 (NS_BASE_STREAM_CLOSED) [nsIInputStream.available]"  nsresult: "0x80470002 (NS_BASE_STREAM_CLOSED)"  location: "JS frame :: resource://devtools/shared/DevToolsUtils.js :: onResponse :: line 567"  data: no]
Stack: onResponse@resource://devtools/shared/DevToolsUtils.js:567:34
onStopRequest@resource://gre/modules/NetUtil.jsm:128:18
Line: 567, column: 0
console.error: ({})
JavaScript error: resource://devtools/shared/DevToolsUtils.js, line 567: NS_BASE_STREAM_CLOSED: Component returned failure code: 0x80470002 (NS_BASE_STREAM_CLOSED) [nsIInputStream.available]
Soconsole.log: WebExtensions: reset-default-search: starting.
console.log: WebExtensions: reset-default-search: No addons in our list are installed.
1639762248432	Marionette	INFO	Stopped listening on port 55926
JavaScript error: , line 0: TypeError: NetworkError when attempting to fetch resource.
JavaScript error: , line 0: TypeError: NetworkError when attempting to fetch resource.
console.warn: TopSitesFeed: Failed to fetch data from Contile server: NetworkError when attempting to fetch resource.

###!!! [Parent][RunMessage] Error: Channel closing: too late to send/recv, messages will be lost

_BASE_STREAM_CLOSED) [nsIInputStream.available]
1639761154895	Marionette	INFO	Stopped listening on port 55645
JavaScript error: , line 0: TypeError: NetworkError when attempting to fetch resource.
JavaScript error: , line 0: TypeError: NetworkError when attempting to fetch resource.
JavaScript error: , line 0: TypeError: NetworkError when attempting to fetch resource.
JavaScript error: , line 0: TypeError: NetworkError when attempting to fetch resource.
rer_info is deprecated in Firefox and will be removed. Please use RENDERER.
JavaScript warning: https://elpais.com/noticias/petroleo/, line 123: unreachable code after return statement
JavaScript warning: https://elpais.com/noticias/petroleo/ line 5 > injectedScript, line 123: unreachable code after return statement
JavaScript warning: https://cdn.insurads.com/bootstrap/OCVJAG4U.js, line 1: WEBGL_debug_renderer_info is deprecated in Firefox and will be removed. Please use RENDERER.
JavaScript warning: https://pagead2.googlesyndication.com/bg/EnZy1JEvhtfL3qsMHM2VNqoz8zWnsWCdOjk5wdd4Ig4.js line 1 > eval line 2111 > eval line 1 > eval, line 1: WEBGL_debug_renderer_info is deprecated in Firefox and will be removed. Please use RENDERER.
JavaScript warning: https://pagead2.googlesyndication.com/bg/EnZy1JEvhtfL3qsMHM2VNqoz8zWnsWCdOjk5wdd4Ig4.js line 1 > eval line 4504 > eval, line 1: WEBGL_debug_renderer_info is deprecated in Firefox and will be removed. Please use RENDERER.
SourceActor threw an exception: [Exception... "Component returned failure code: 0x80470002 (NS_BASE_STREAM_CLOSED) [nsIInputStream.available]"  nsresult: "0x80470002 (NS_BASE_STREAM_CLOSED)"  location: "JS frame :: resource://devtools/shared/DevToolsUtils.js :: onResponse :: line 567"  data: no]
Stack: onResponse@resource://devtools/shared/DevToolsUtils.js:567:34
onStopRequest@resource://gre/modules/NetUtil.jsm:128:18
Line: 567, column: 0
console.error: ({})
JavaScript error: resource://devtools/shared/DevToolsUtils.js, line 567: NS_BASE_STREAM_CLOSED: Component returned failure code: 0x80470002 (NS_BASE_STREAM_CLOSED) [nsIInputStream.available]
SourceActor threw an exception: [Exception... "Component returned failure code: 0x80470002 (NS_BASE_STREAM_CLOSED) [nsIInputStream.available]"  nsresult: "0x80470002 (NS_BASE_STREAM_CLOSED)"  location: "JS frame :: resource://devtools/shared/DevToolsUtils.js :: onResponse :: line 567"  data: no]
Stack: onResponse@resource://devtools/shared/DevToolsUtils.js:567:34
onStopRequest@resource://gre/modules/NetUtil.jsm:128:18
Line: 567, column: 0
console.error: ({})
JavaScript error: resource://devtools/shared/DevToolsUtils.js, line 567: NS_BASE_STREAM_CLOSED: Component returned failure code: 0x80470002 (NS_BASE_STREAM_CLOSED) [nsIInputStream.available]
SourceActor threw an exception: [Exception... "Component returned failure code: 0x80470002 (NS_BASE_STREAM_CLOSED) [nsIInputStream.available]"  nsresult: "0x80470002 (NS_BASE_STREAM_CLOSED)"  location: "JS frame :: resource://devtools/shared/DevToolsUtils.js :: onResponse :: line 567"  data: no]
Stack: onResponse@resource://devtools/shared/DevToolsUtils.js:567:34
onStopRequest@resource://gre/modules/NetUtil.jsm:128:18
Line: 567, column: 0
console.error: ({})
JavaScript error: resource://devtools/shared/DevToolsUtils.js, line 567: NS_BASE_STREAM_CLOSED: Component returned failure code: 0x80470002 (NS_BASE_STREAM_CLOSED) [nsIInputStream.available]
JavaScript error: https://ads.pubmatic.com/AdServer/js/user_sync.html?p=156011&s=165626&predirect=https%3A%2F%2Fs.amazon-adsystem.com%2Fecm3%3Fid%3DPM_UID%26ex%3Dpubmatic.com&userIdMacro=PM_UID&gdpr_consent=CPRX6m3PRX6m3AHABBENB5CsAP_AAAAAAAAAIbtf_X__b3_j-_5___t0eY1f9_7_v-0zjhfdt-8N2f_X_L8X_2M7vF36pq4KuR4Eu3LBIQVlHOHcTUmw6okVrzPsbk2cr7NKJ7PEmnMbe2dYGH9_n93T-ZKY7______7__-_______f__-_____5_X-_-_f_V_997Lv9_____9_P___9v__9_3gAAAJJQAYAAghuGgAwABBDcVABgACCG5SADAAEENx0AGAAIIbkIAMAAQQ3CQAYAAghuIgAwABBDcZABgACCG4A.f_gAAAAAAAAA&gdpr=1, line 1: ReferenceError: CommonMeta is not defined
console.log: WebExtensions: reset-default-search: starting.
console.log: WebExtensions: reset-default-search: No addons in our list are installed.
1639762247611	Marionette	INFO	Stopped listening on port 56325
JavaScript error: , line 0: TypeError: NetworkError when attempting to fetch resource.

###!!! [Parent][RunMessage] Error: Channel closing: too late to send/recv, messages will be lost

file exists, new profile?" (new NotFoundError("Could not open the file at C:\\Users\\RicardoQuintana\\AppData\\Local\\Temp\\rust_mozprofileahAcOV\\search.json.mozlz4", (void 0)))
DevTools listening on ws://localhost:56753/devtools/browser/16eef9b8-2c12-4085-86ad-ab79f32a1386
1639761095154	Marionette	INFO	Listening on port 56764
1639761095605	RemoteAgent	WARN	TLS certificate errors will be ignored for this session
1639761095878	Marionette	WARN	Ignoring event 'DOMContentLoaded' because document has an invalid readyState of 'complete'.
JavaScript warning: https://assets.adobedtm.com/0681c221600c/d0943e7fed9e/launch-90f4fb204f3b.min.js, line 7: WEBGL_debug_renderer_info is deprecated in Firefox and will be removed. Please use RENDERER.
JavaScript warning: https://elpais.com/noticias/petroleo/, line 123: unreachable code after return statement
JavaScript warning: https://elpais.com/noticias/petroleo/ line 5 > injectedScript, line 123: unreachable code after return statement
JavaScript warning: https://cdn.insurads.com/bootstrap/OCVJAG4U.js, line 1: WEBGL_debug_renderer_info is deprecated in Firefox and will be removed. Please use RENDERER.
JavaScript warning: https://pagead2.googlesyndication.com/bg/EnZy1JEvhtfL3qsMHM2VNqoz8zWnsWCdOjk5wdd4Ig4.js line 1 > eval line 1521 > eval, line 1: WEBGL_debug_renderer_info is deprecated in Firefox and will be removed. Please use RENDERER.
JavaScript warning: https://pagead2.googlesyndication.com/bg/EnZy1JEvhtfL3qsMHM2VNqoz8zWnsWCdOjk5wdd4Ig4.js line 1 > eval line 1928 > eval line 1 > eval, line 1: WEBGL_debug_renderer_info is deprecated in Firefox and will be removed. Please use RENDERER.
JavaScript warning: https://pagead2.googlesyndication.com/bg/EnZy1JEvhtfL3qsMHM2VNqoz8zWnsWCdOjk5wdd4Ig4.js line 1 > eval line 654 > eval, line 1: WEBGL_debug_renderer_info is deprecated in Firefox and will be removed. Please use RENDERER.
JavaScript warning: https://pagead2.googlesyndication.com/bg/EnZy1JEvhtfL3qsMHM2VNqoz8zWnsWCdOjk5wdd4Ig4.js line 1 > eval line 4948 > eval, line 1: WEBGL_debug_renderer_info is deprecated in Firefox and will be removed. Please use RENDERER.
JavaScript warning: https://pagead2.googlesyndication.com/bg/EnZy1JEvhtfL3qsMHM2VNqoz8zWnsWCdOjk5wdd4Ig4.js line 1 > eval line 1472 > eval line 1 > eval, line 1: WEBGL_debug_renderer_info is deprecated in Firefox and will be removed. Please use RENDERER.
JavaScript error: https://ads.pubmatic.com/AdServer/js/user_sync.html?p=156011&s=165626&predirect=https%3A%2F%2Fs.amazon-adsystem.com%2Fecm3%3Fid%3DPM_UID%26ex%3Dpubmatic.com&userIdMacro=PM_UID&gdpr_consent=CPRX6_5PRX6_5AHABBENB5CsAP_AAAAAAAAAIbtf_X__b3_j-_5___t0eY1f9_7_v-0zjhfdt-8N2f_X_L8X_2M7vF36pq4KuR4Eu3LBIQVlHOHcTUmw6okVrzPsbk2cr7NKJ7PEmnMbe2dYGH9_n93T-ZKY7______7__-_______f__-_____5_X-_-_f_V_997Lv9_____9_P___9v__9_3gAAAJJQAYAAghuGgAwABBDcVABgACCG5SADAAEENx0AGAAIIbkIAMAAQQ3CQAYAAghuIgAwABBDcZABgACCG4A.f_gAAAAAAAAA&gdpr=1, line 1: ReferenceError: CommonMeta is not defined
console.log: WebExtensions: reset-default-search: starting.
console.log: WebExtensions: reset-default-search: No addons in our list are installed.
1639762246665	Marionette	INFO	Stopped listening on port 56764
JavaScript error: , line 0: TypeError: NetworkError when attempting to fetch resource.
JavaScript error: , line 0: TypeError: NetworkError when attempting to fetch resource.
console.warn: TopSitesFeed: Failed to fetch data from Contile server: NetworkError when attempting to fetch resource.

###!!! [Parent][RunMessage] Error: Channel closing: too late to send/recv, messages will be lost

localhost:57057/devtools/browser/6f65d3bb-ccbb-4b56-acce-e75d09d420f0
1639761162033	Marionette	INFO	Listening on port 57067
1639761162429	RemoteAgent	WARN	TLS certificate errors will be ignored for this session
1639761163761	Marionette	WARN	Ignoring event 'DOMContentLoaded' because document has an invalid readyState of 'complete'.
JavaScript warning: https://assets.adobedtm.com/0681c221600c/d0943e7fed9e/launch-90f4fb204f3b.min.js, line 7: WEBGL_debug_renderer_info is deprecated in Firefox and will be removed. Please use RENDERER.
JavaScript warning: https://elpais.com/noticias/petroleo/, line 123: unreachable code after return statement
JavaScript warning: https://elpais.com/noticias/petroleo/ line 5 > injectedScript, line 123: unreachable code after return statement
JavaScript warning: https://cdn.insurads.com/bootstrap/OCVJAG4U.js, line 1: WEBGL_debug_renderer_info is deprecated in Firefox and will be removed. Please use RENDERER.
JavaScript warning: https://pagead2.googlesyndication.com/bg/EnZy1JEvhtfL3qsMHM2VNqoz8zWnsWCdOjk5wdd4Ig4.js line 1 > eval line 3398 > eval line 1 > eval, line 1: WEBGL_debug_renderer_info is deprecated in Firefox and will be removed. Please use RENDERER.
JavaScript warning: https://pagead2.googlesyndication.com/bg/EnZy1JEvhtfL3qsMHM2VNqoz8zWnsWCdOjk5wdd4Ig4.js line 1 > eval line 3002 > eval, line 1: WEBGL_debug_renderer_info is deprecated in Firefox and will be removed. Please use RENDERER.
JavaScript error: https://ads.pubmatic.com/AdServer/js/user_sync.html?p=156011&s=165626&predirect=https%3A%2F%2Fs.amazon-adsystem.com%2Fecm3%3Fid%3DPM_UID%26ex%3Dpubmatic.com&userIdMacro=PM_UID&gdpr_consent=CPRX7LEPRX7LEAHABBENB5CsAP_AAAAAAAAAIbtf_X__b3_j-_5___t0eY1f9_7_v-0zjhfdt-8N2f_X_L8X_2M7vF36pq4KuR4Eu3LBIQVlHOHcTUmw6okVrzPsbk2cr7NKJ7PEmnMbe2dYGH9_n93T-ZKY7______7__-_______f__-_____5_X-_-_f_V_997Lv9_____9_P___9v__9_3gAAAJJQAYAAghuGgAwABBDcVABgACCG5SADAAEENx0AGAAIIbkIAMAAQQ3CQAYAAghuIgAwABBDcZABgACCG4A.f_gAAAAAAAAA&gdpr=1, line 1: ReferenceError: CommonMeta is not defined
console.log: WebExtensions: reset-default-search: starting.
console.log: WebExtensions: reset-default-search: No addons in our list are installed.
JavaScript warning: https://pagead2.googlesyndication.com/bg/EnZy1JEvhtfL3qsMHM2VNqoz8zWnsWCdOjk5wdd4Ig4.js line 1 > eval line 5811 > eval line 1 > eval, line 1: WEBGL_debug_renderer_info is deprecated in Firefox and will be removed. Please use RENDERER.
JavaScript warning: https://pagead2.googlesyndication.com/bg1639762026001	mozrunner::runner	INFO	Running command: "C:\\Program Files\\Mozilla Firefox\\firefox.exe" "--marionette" "--remote-debugging-port" "58106" "-no-remote" "-profile" "C:\\1639762245799	Marionette	INFO	Stopped listening on port 57067
JavaScript error: , line 0: TypeError: NetworkError when attempting to fetch resource.
JavaScript error: , line 0: TypeError: NetworkError when attempting to fetch resource.
console.warn: TopSitesFeed: Failed to fetch data from Contile server: NetworkError when attempting to fetch resource.

###!!! [Parent][RunMessage] Error: Channel closing: too late to send/recv, messages will be lost

te	INFO	Listening on port 58115
1639762028657	RemoteAgent	WARN	TLS certificate errors will be ignored for this session
1639762028904	Marionette	WARN	Ignoring event 'DOMContentLoaded' because document has an invalid readyState of 'complete'.
JavaScript warning: https://assets.adobedtm.com/0681c221600c/d0943e7fed9e/launch-90f4fb204f3b.min.js, line 7: WEBGL_debug_renderer_info is deprecated in Firefox and will be removed. Please use RENDERER.
JavaScript warning: https://elpais.com/noticias/petroleo/, line 123: unreachable code after return statement
JavaScript warning: https://elpais.com/noticias/petroleo/ line 5 > injectedScript, line 123: unreachable code after return statement
JavaScript warning: https://cdn.insurads.com/bootstrap/OCVJAG4U.js, line 1: WEBGL_debug_renderer_info is deprecated in Firefox and will be removed. Please use RENDERER.
JavaScript warning: https://pagead2.googlesyndication.com/bg/EnZy1JEvhtfL3qsMHM2VNqoz8zWnsWCdOjk5wdd4Ig4.js line 1 > eval line 511 > eval line 1 > eval, line 1: WEBGL_debug_renderer_info is deprecated in Firefox and will be removed. Please use RENDERER.
JavaScript warning: https://pagead2.googlesyndication.com/bg/EnZy1JEvhtfL3qsMHM2VNqoz8zWnsWCdOjk5wdd4Ig4.js line 1 > eval line 1194 > eval line 1 > eval, line 1: WEBGL_debug_renderer_info is deprecated in Firefox and will be removed. Please use RENDERER.
1639762049154	Marionette	INFO	Stopped listening on port 58111639762051253	mozrunner::runner	INFO	Running command: "C:\\Program Files\\Mozilla Firefox\\firefox.exe" "--marionette" "--remote-debugging-port" "58372" "-no-remote" "-profile" "C:\\Users\\RICARD~1\\AppData\\Local\\Temp\\rust_mozprofileY7oHb5"
1639762051537	Marionette	INFO	Marionette enabled
console.warn: SearchSettings: "get: No settings file exists, new profile?" (new NotFoundError("Could not open the file at C:\\Users\\RicardoQuintana\\AppData\\Local\\Temp\\rust_mozprofileY7oHb5\\search.json.mozlz4", (void 0)))
DevTools listening on ws://localhost:58372/devtools/browser/71bacff0-9210-467f-84c0-5fe6430042e7
1639762053455	Marionette	INFO	Listening on port 58380
1639762053907	RemoteAgent	WARN	TLS certificate errors will be ignored for this session
1639762054166	Marionette	WARN	Ignoring event 'DOMContentLoaded' because document has an invalid readyState of 'complete'.
JavaScript warning: https://assets.adobedtm.com/0681c221600c/d0943e7fed9e/launch-90f4fb204f3b.min.js, line 7: WEBGL_debug_renderer_info is deprecated in Firefox and will be removed. Please use RENDERER.
JavaScript warning: https://elpais.com/noticias/petroleo/, line 123: unreachable code after return statement
JavaScript warning: https://elpais.com/noticias/petroleo/ line 5 > injectedScript, line 123: unreachable code after return statement
JavaScript warning: https://cdn.insurads.com/bootstrap/OCVJAG4U.js, line 1: WEBGL_debug_renderer_info is deprecated in Firefox and will be removed. Please use RENDERER.
JavaScript warning: https://pagead2.googlesyndication.com/bg/EnZy1JEvhtfL3qsMHM2VNqoz8zWnsWCdOjk5wdd4Ig4.js line 1 > eval line 4263 > eval, line 1: WEBGL_debug_renderer_info is deprecated in Firefox and will be removed. Please use RENDERER.
JavaScript warning: https://pagead2.googlesyndication.com/bg/EnZy1JEvhtfL3qsMHM2VNqoz8zWnsWCdOjk5wdd4Ig4.js line 1 > eval line 560 > eval line 1 > eval, line 1: WEBGL_debug_renderer_info is deprecated in Firefox and will be removed. Please use RENDERER.
JavaScript error: https://ads.pubmatic.com/AdServer/js/user_sync.html?p=156011&s=165626&predirect=https%3A%2F%2Fs.amazon-adsystem.com%2Fecm3%3Fid%3DPM_UID%26ex%3Dpubmatic.com&userIdMacro=PM_UID&gdpr_consent=CPRX9VePRX9VeAHABBENB5CsAP_AAAAAAAAAIbtf_X__b3_j-_5___t0eY1f9_7_v-0zjhfdt-8N2f_X_L8X_2M7vF36pq4KuR4Eu3LBIQVlHOHcTUmw6okVrzPsbk2cr7NKJ7PEmnMbe2dYGH9_n93T-ZKY7______7__-_______f__-_____5_X-_-_f_V_997Lv9_____9_P___9v__9_3gAAAJJQAYAAghuGgAwABBDcVABgACCG5SADAAEENx0AGAAIIbkIAMAAQQ3CQAYAAghuIgAwABBDcZABgACCG4A.f_gAAAAAAAAA&gdpr=1, line 1: ReferenceError: CommonMeta is not defined
JavaScript warning: https://pagead2.googlesyndication.com/bg/EnZy1JEvhtfL3qsMHM2VNqoz8zWnsWCdOjk5wdd4Ig4.js line 1 > eval line 4414 > eval line 1 > eval, line 1: WEBGL_debug_renderer_info is deprecated in Firefox and will be removed. Please use RENDERER.
JavaScript warning: https://pagead2.googlesyndication.com/bg/EnZy1JEvhtfL3qsMHM2VNqoz8zWnsWCdOjk5wdd4Ig4.js line 1 > eval line 2370 > eval, line 1: WEBGL_debug_renderer_info is deprecated in Firefox and will be removed. Please use RENDERER.
JavaScript warning: https://pagead2.googlesyndication.com/bg/EnZy1JEvhtfL3qsMHM2VNqoz8zWnsWCdOjk5wdd4Ig4.js line 1 > eval line 6388 > eval line 1 > eval, line 1: WEBGL_debug_renderer_info is deprecated in Firefox and will be removed. Please use RENDERER.
JavaScript warning: https://pagead2.googlesyndication.com/bg/EnZy1JEvhtfL3qsMHM2VNqoz8zWnsWCdOjk5wdd4Ig4.js line 1 > eval line 7730 > eval line 1 > eval, line 1: WEBGL_debug_renderer_info is deprecated in Firefox and will be removed. Please use RENDERER.
JavaScript warning: https://pagead2.googlesyndication.com/bg/EnZy1JEvhtfL3qsMHM2VNqoz8zWnsWCdOjk5wdd4Ig4.js line 1 > eval line 3893 > eval, line 1: WEBGL_debug_renderer_info is deprecated in Firefox and will be removed. Please use RENDERER.
1639762244933	Marionette	INFO	Stopped listening on port 58380
console.warn: TopSitesFeed: Failed to fetch data from Contile server: NetworkError when attempting to fetch resource.
JavaScript error: , line 0: TypeError: NetworkError when attempting to fetch resource.
JavaScript error: , line 0: TypeError: NetworkError when attempting to fetch resource.
JavaScript error: , line 0: TypeError: NetworkError when attempting to fetch resource.
JavaScript error: , line 0: TypeError: NetworkError when attempting to fetch resource.

###!!! [Parent][RunMessage] Error: Channel closing: too late to send/recv, messages will be lost

